10/23/2022 11:53:16 PM :INFO : test_sample :*************** Test_001 *****************
10/23/2022 11:53:16 PM :INFO : test_sample :****Started  Sample test ****
10/23/2022 11:53:16 PM :INFO : test_sample :****Opening App****
10/24/2022 12:50:05 AM :INFO : test_sample :*************** Test_001 *****************
10/24/2022 12:50:05 AM :INFO : test_sample :****Started  Sample test ****
10/24/2022 12:50:05 AM :INFO : test_sample :****Opening App****
10/24/2022 12:50:51 AM :INFO : test_sample :*************** Test_001 *****************
10/24/2022 12:50:51 AM :INFO : test_sample :****Started  Sample test ****
10/24/2022 12:50:51 AM :INFO : test_sample :****Opening App****
10/24/2022 12:52:33 AM :INFO : test_sample :*************** Test_001 *****************
10/24/2022 12:52:33 AM :INFO : test_sample :****Started  Sample test ****
10/24/2022 12:52:33 AM :INFO : test_sample :****Opening App****
10/24/2022 12:57:15 AM :INFO : test_sample :*************** Test_001 *****************
10/24/2022 12:57:15 AM :INFO : test_sample :****Started  Sample test ****
10/24/2022 12:57:15 AM :INFO : test_sample :****Opening App****
10/24/2022 12:58:47 AM :INFO : test_sample :*************** Test_001 *****************
10/24/2022 12:58:47 AM :INFO : test_sample :****Started  Sample test ****
10/24/2022 12:58:47 AM :INFO : test_sample :****Opening App****
10/24/2022 01:03:22 AM :INFO : test_sample :*************** Test_001 *****************
10/24/2022 01:03:22 AM :INFO : test_sample :****Started  Sample test ****
10/24/2022 01:03:22 AM :INFO : test_sample :****Opening App****
10/24/2022 01:05:04 AM :INFO : test_sample :*************** Test_001 *****************
10/24/2022 01:05:04 AM :INFO : test_sample :****Started  Sample test ****
10/24/2022 01:05:04 AM :INFO : test_sample :****Opening App****
10/24/2022 01:06:36 AM :INFO : test_sample :*************** Test_001 *****************
10/24/2022 01:06:36 AM :INFO : test_sample :****Started  Sample test ****
10/24/2022 01:06:36 AM :INFO : test_sample :****Opening App****
10/24/2022 01:26:04 AM :INFO : test_sample :*************** Test_001 *****************
10/24/2022 01:26:04 AM :INFO : test_sample :****Started  Sample test ****
10/24/2022 01:26:04 AM :INFO : test_sample :****Opening App****
10/24/2022 01:29:18 AM :INFO : test_sample :*************** Test_001 *****************
10/24/2022 01:29:18 AM :INFO : test_sample :****Started  Sample test ****
10/24/2022 01:29:18 AM :INFO : test_sample :****Opening App****
10/25/2022 02:32:22 PM :INFO : test_sample :*************** Test_001 *****************
10/25/2022 02:32:22 PM :INFO : test_sample :****Started  Sample test ****
10/25/2022 02:32:22 PM :INFO : test_sample :****Opening App****
10/25/2022 02:36:19 PM :INFO : test_sample :*************** Test_001 *****************
10/25/2022 02:36:19 PM :INFO : test_sample :****Started  Sample test ****
10/25/2022 02:36:19 PM :INFO : test_sample :****Opening App****
10/25/2022 02:50:27 PM :INFO : test_sample_android :*************** Test_001 *****************
10/25/2022 02:50:27 PM :INFO : test_sample_android :****Started  Sample test ****
10/25/2022 02:50:27 PM :INFO : test_sample_android :****Opening App****
10/25/2022 02:50:32 PM :INFO : test_sample_ios :*************** Test_001 *****************
10/25/2022 02:50:32 PM :INFO : test_sample_ios :****Started  Sample test ****
10/25/2022 02:50:32 PM :INFO : test_sample_ios :****Opening App****
10/25/2022 10:39:43 PM :INFO : test_sample_android :*************** Test_001 *****************
10/25/2022 10:39:43 PM :INFO : test_sample_android :****Started  Sample test ****
10/25/2022 10:39:43 PM :INFO : test_sample_android :****Opening App****
10/25/2022 10:39:51 PM :INFO : test_sample_ios :*************** Test_001 *****************
10/25/2022 10:39:51 PM :INFO : test_sample_ios :****Started  Sample test ****
10/25/2022 10:39:51 PM :INFO : test_sample_ios :****Opening App****
10/25/2022 10:40:33 PM :INFO : test_sample_android :*************** Test_001 *****************
10/25/2022 10:40:33 PM :INFO : test_sample_android :****Started  Sample test ****
10/25/2022 10:40:33 PM :INFO : test_sample_android :****Opening App****
10/25/2022 10:42:13 PM :INFO : test_sample_android :*************** Test_001 *****************
10/25/2022 10:42:13 PM :INFO : test_sample_android :****Started  Sample test ****
10/25/2022 10:42:13 PM :INFO : test_sample_android :****Opening App****
10/25/2022 10:43:47 PM :INFO : test_sample_android :*************** Test_001 *****************
10/25/2022 10:43:47 PM :INFO : test_sample_android :****Started  Sample test ****
10/25/2022 10:43:47 PM :INFO : test_sample_android :****Opening App****
10/25/2022 10:43:56 PM :INFO : test_sample_ios :*************** Test_001 *****************
10/25/2022 10:43:56 PM :INFO : test_sample_ios :****Started  Sample test ****
10/25/2022 10:43:56 PM :INFO : test_sample_ios :****Opening App****
